[INFO] Scanning for projects...
[INFO] 
[INFO] ------------------------< com.axenovo:infotech >------------------------
[INFO] Building  0.0.1-SNAPSHOT
[INFO]   from pom.xml
[INFO] --------------------------------[ jar ]---------------------------------
[INFO] 
[INFO] >>> spring-boot:4.0.3:run (default-cli) > test-compile @ infotech >>>
[INFO] 
[INFO] --- resources:3.3.1:resources (default-resources) @ infotech ---
[INFO] Copying 1 resource from src\main\resources to target\classes
[INFO] Copying 26 resources from src\main\resources to target\classes
[INFO] 
[INFO] --- compiler:3.14.1:compile (default-compile) @ infotech ---
[INFO] Nothing to compile - all classes are up to date.
[INFO] 
[INFO] --- resources:3.3.1:testResources (default-testResources) @ infotech ---
[INFO] skip non existing resourceDirectory C:\Users\SAI\IdeaProjects\axenovo_infotech\src\test\resources
[INFO] 
[INFO] --- compiler:3.14.1:testCompile (default-testCompile) @ infotech ---
[INFO] Nothing to compile - all classes are up to date.
[INFO] 
[INFO] <<< spring-boot:4.0.3:run (default-cli) < test-compile @ infotech <<<
[INFO] 
[INFO] 
[INFO] --- spring-boot:4.0.3:run (default-cli) @ infotech ---
[INFO] Attaching agents: []

  .   ____          _            __ _ _
 /\\ / ___'_ __ _ _(_)_ __  __ _ \ \ \ \
( ( )\___ | '_ | '_| | '_ \/ _` | \ \ \ \
 \\/  ___)| |_)| | | | | || (_| |  ) ) ) )
  '  |____| .__|_| |_|_| |_\__, | / / / /
 =========|_|==============|___/=/_/_/_/

 :: Spring Boot ::                (v4.0.3)

2026-03-21T17:18:00.946+05:30  INFO 9940 --- [infotech] [           main] c.axenovo.infotech.InfotechApplication   : Starting InfotechApplication using Java 17.0.12 with PID 9940 (C:\Users\SAI\IdeaProjects\axenovo_infotech\target\classes started by Harshal kuwar in C:\Users\SAI\IdeaProjects\axenovo_infotech)
2026-03-21T17:18:00.958+05:30  INFO 9940 --- [infotech] [           main] c.axenovo.infotech.InfotechApplication   : No active profile set, falling back to 1 default profile: "default"
2026-03-21T17:18:00.960+05:30 DEBUG 9940 --- [infotech] [           main] o.s.boot.SpringApplication               : Loading source class com.axenovo.infotech.InfotechApplication
2026-03-21T17:18:01.068+05:30 DEBUG 9940 --- [infotech] [           main] ConfigServletWebServerApplicationContext : Refreshing org.springframework.boot.web.server.servlet.context.AnnotationConfigServletWebServerApplicationContext@7cf6a5f9
2026-03-21T17:18:03.063+05:30  INFO 9940 --- [infotech] [           main] .s.d.r.c.RepositoryConfigurationDelegate : Bootstrapping Spring Data JPA repositories in DEFAULT mode.
2026-03-21T17:18:03.089+05:30 DEBUG 9940 --- [infotech] [           main] o.s.b.a.AutoConfigurationPackages        : @EnableAutoConfiguration was declared on a class in the package 'com.axenovo.infotech'. Automatic @Repository and @Entity scanning is enabled.
2026-03-21T17:18:03.093+05:30  INFO 9940 --- [infotech] [           main] .s.d.r.c.RepositoryConfigurationDelegate : Finished Spring Data repository scanning in 18 ms. Found 0 JPA repository interfaces.
2026-03-21T17:18:04.628+05:30 DEBUG 9940 --- [infotech] [           main] o.s.b.t.s.TomcatServletWebServerFactory  : Code archive: C:\Users\SAI\.m2\repository\org\springframework\boot\spring-boot-web-server\4.0.3\spring-boot-web-server-4.0.3.jar
2026-03-21T17:18:04.630+05:30 DEBUG 9940 --- [infotech] [           main] o.s.b.t.s.TomcatServletWebServerFactory  : Code archive: C:\Users\SAI\.m2\repository\org\springframework\boot\spring-boot-web-server\4.0.3\spring-boot-web-server-4.0.3.jar
2026-03-21T17:18:04.631+05:30 DEBUG 9940 --- [infotech] [           main] o.s.b.t.s.TomcatServletWebServerFactory  : None of the document roots [src/main/webapp, public, static] point to a directory and will be ignored.
2026-03-21T17:18:04.736+05:30  INFO 9940 --- [infotech] [           main] o.s.boot.tomcat.TomcatWebServer          : Tomcat initialized with port 9095 (http)
2026-03-21T17:18:04.807+05:30  INFO 9940 --- [infotech] [           main] o.apache.catalina.core.StandardService   : Starting service [Tomcat]
2026-03-21T17:18:04.810+05:30  INFO 9940 --- [infotech] [           main] o.apache.catalina.core.StandardEngine    : Starting Servlet engine: [Apache Tomcat/11.0.18]
2026-03-21T17:18:05.061+05:30 DEBUG 9940 --- [infotech] [           main] b.w.c.s.WebApplicationContextInitializer : Published root WebApplicationContext as ServletContext attribute with name [org.springframework.web.context.WebApplicationContext.ROOT]
2026-03-21T17:18:05.064+05:30  INFO 9940 --- [infotech] [           main] b.w.c.s.WebApplicationContextInitializer : Root WebApplicationContext: initialization completed in 3993 ms
2026-03-21T17:18:05.105+05:30 DEBUG 9940 --- [infotech] [           main] o.s.b.w.s.ServletContextInitializerBeans : Mapping filters: characterEncodingFilter urls=[/*] order=-2147483648, formContentFilter urls=[/*] order=-9900, requestContextFilter urls=[/*] order=-105
2026-03-21T17:18:05.106+05:30 DEBUG 9940 --- [infotech] [           main] o.s.b.w.s.ServletContextInitializerBeans : Mapping servlets: dispatcherServlet urls=[/]
2026-03-21T17:18:05.164+05:30 DEBUG 9940 --- [infotech] [           main] o.s.b.s.f.OrderedRequestContextFilter    : Filter 'requestContextFilter' configured for use
2026-03-21T17:18:05.173+05:30 DEBUG 9940 --- [infotech] [           main] o.s.b.s.f.OrderedCharacterEncodingFilter : Filter 'characterEncodingFilter' configured for use
2026-03-21T17:18:05.174+05:30 DEBUG 9940 --- [infotech] [           main] o.s.b.s.filter.OrderedFormContentFilter  : Filter 'formContentFilter' configured for use
2026-03-21T17:18:05.518+05:30  INFO 9940 --- [infotech] [           main] org.hibernate.orm.jpa                    : HHH008540: Processing PersistenceUnitInfo [name: default]
2026-03-21T17:18:05.690+05:30  INFO 9940 --- [infotech] [           main] org.hibernate.orm.core                   : HHH000001: Hibernate ORM core version 7.2.4.Final
